[17Apr2025 00:00:21.041] [Server thread/INFO] [net.minecraft.server.MinecraftServer/]: [Matelunaaa: Set own game mode to Survival Mode]
[17Apr2025 00:03:20.041] [Server thread/INFO] [net.minecraft.server.MinecraftServer/]: [Matelunaaa: Set own game mode to Spectator Mode]
[17Apr2025 00:03:33.986] [Server thread/INFO] [net.minecraft.server.MinecraftServer/]: [Matelunaaa: Set own game mode to Survival Mode]
[17Apr2025 00:03:46.389] [Server thread/INFO] [net.minecraft.server.MinecraftServer/]: [Matelunaaa: Set own game mode to Spectator Mode]
[17Apr2025 00:03:53.936] [Server thread/INFO] [net.minecraft.server.MinecraftServer/]: [Matelunaaa: Set own game mode to Survival Mode]
[17Apr2025 00:04:00.349] [Server thread/INFO] [net.minecraft.server.MinecraftServer/]: Unknown or incomplete command, see below for error
[17Apr2025 00:04:00.350] [Server thread/INFO] [net.minecraft.server.MinecraftServer/]: ola<--[HERE]
[17Apr2025 00:04:24.701] [Server thread/INFO] [net.minecraft.server.MinecraftServer/]: [Matelunaaa: Set own game mode to Creative Mode]
[17Apr2025 00:04:45.002] [Server thread/INFO] [net.minecraft.server.MinecraftServer/]: [Matelunaaa: Set own game mode to Survival Mode]
[17Apr2025 00:05:34.160] [Server thread/INFO] [net.minecraft.server.MinecraftServer/]: Unknown or incomplete command, see below for error
[17Apr2025 00:05:34.162] [Server thread/INFO] [net.minecraft.server.MinecraftServer/]: ola<--[HERE]
[17Apr2025 00:05:41.678] [Server thread/INFO] [net.minecraft.server.players.PlayerList/]: Cakeyshere[/127.139.220.114:57263] logged in with entity id 30663 at (-165.22567787868323, 136.0, 367.90881017721114)
[17Apr2025 00:05:41.713] [Server thread/INFO] [net.minecraft.server.MinecraftServer/]: Cakeyshere joined the game
[17Apr2025 00:05:50.556] [Server thread/INFO] [net.minecraft.server.MinecraftServer/]: [Not Secure] <Cakeyshere> ola
[17Apr2025 00:05:56.040] [Server thread/INFO] [net.minecraft.server.MinecraftServer/]: [Not Secure] <Matelunaaa> ola
[17Apr2025 00:08:14.964] [Server thread/INFO] [net.minecraft.server.MinecraftServer/]: [Not Secure] <KidGore6> ara
[17Apr2025 00:08:17.705] [Server thread/INFO] [net.minecraft.server.MinecraftServer/]: [Not Secure] <Cakeyshere> diga
[17Apr2025 00:08:37.611] [Server thread/INFO] [net.minecraft.server.MinecraftServer/]: [Not Secure] <KidGore6> no tendras un waypoint que me prestes que un criper me exploto el mio y quiero seguir explorando
[17Apr2025 00:08:40.319] [Server thread/INFO] [net.minecraft.server.MinecraftServer/]: [Not Secure] <KidGore6> jejejej
[17Apr2025 00:08:44.962] [Server thread/INFO] [net.minecraft.server.MinecraftServer/]: [Not Secure] <Cakeyshere> ufas
[17Apr2025 00:08:49.905] [Server thread/INFO] [net.minecraft.server.MinecraftServer/]: [Not Secure] <Cakeyshere> igual si
[17Apr2025 00:08:53.774] [Server thread/INFO] [net.minecraft.server.MinecraftServer/]: [Not Secure] <Matelunaaa> la economia esta mala
[17Apr2025 00:08:56.120] [Server thread/INFO] [net.minecraft.server.MinecraftServer/]: [Not Secure] <KidGore6> despues te lo devuelvo
[17Apr2025 00:09:04.210] [Server thread/INFO] [net.minecraft.server.MinecraftServer/]: [Not Secure] <Cakeyshere> pero lo tengo ubicado en cierto lguar asiq tendrér q sacarlo
[17Apr2025 00:09:06.509] [Server thread/INFO] [net.minecraft.server.MinecraftServer/]: [Not Secure] <Matelunaaa> con interes supongo
[17Apr2025 00:09:11.256] [Server thread/INFO] [net.minecraft.server.MinecraftServer/]: [Not Secure] <KidGore6> obio
[17Apr2025 00:09:16.654] [Server thread/INFO] [net.minecraft.server.MinecraftServer/]: [Not Secure] <Cakeyshere> igual no hay problema pq no creo q visite tanto ahíp
[17Apr2025 00:09:18.397] [Server thread/INFO] [net.minecraft.server.MinecraftServer/]: [Not Secure] <Cakeyshere> jeje
[17Apr2025 00:09:23.460] [Server thread/INFO] [net.minecraft.server.MinecraftServer/]: [Not Secure] <Cakeyshere> voy a bsucarlo
[17Apr2025 00:09:27.458] [Server thread/INFO] [net.minecraft.server.MinecraftServer/]: [Not Secure] <KidGore6> tranqui si te lo devolvi
[17Apr2025 00:09:33.171] [Server thread/INFO] [net.minecraft.server.MinecraftServer/]: [Not Secure] <KidGore6> despues
[17Apr2025 00:09:33.654] [Server thread/INFO] [net.minecraft.server.MinecraftServer/]: [Not Secure] <Cakeyshere> weno
[17Apr2025 00:09:54.307] [Server thread/WARN] [net.minecraft.server.MinecraftServer/]: Can't keep up! Is the server overloaded? Running 3132ms or 62 ticks behind
